gpu21
Thu Sep 26 21:28:52 2024       
+-----------------------------------------------------------------------------------------+
| NVIDIA-SMI 550.107.02             Driver Version: 550.107.02     CUDA Version: 12.4     |
|-----------------------------------------+------------------------+----------------------+
| GPU  Name                 Persistence-M | Bus-Id          Disp.A | Volatile Uncorr. ECC |
| Fan  Temp   Perf          Pwr:Usage/Cap |           Memory-Usage | GPU-Util  Compute M. |
|                                         |                        |               MIG M. |
|=========================================+========================+======================|
|   0  NVIDIA GeForce RTX 2080 Ti     On  |   00000000:02:00.0 Off |                  N/A |
| 92%   31C    P8             30W /  250W |       1MiB /  11264MiB |      0%   E. Process |
|                                         |                        |                  N/A |
+-----------------------------------------+------------------------+----------------------+
                                                                                         
+-----------------------------------------------------------------------------------------+
| Processes:                                                                              |
|  GPU   GI   CI        PID   Type   Process name                              GPU Memory |
|        ID   ID                                                               Usage      |
|=========================================================================================|
|  No running processes found                                                             |
+-----------------------------------------------------------------------------------------+
no change     /pchem-data/meuwly/boittier/home/miniforge3/condabin/conda
no change     /pchem-data/meuwly/boittier/home/miniforge3/bin/conda
no change     /pchem-data/meuwly/boittier/home/miniforge3/bin/conda-env
no change     /pchem-data/meuwly/boittier/home/miniforge3/bin/activate
no change     /pchem-data/meuwly/boittier/home/miniforge3/bin/deactivate
no change     /pchem-data/meuwly/boittier/home/miniforge3/etc/profile.d/conda.sh
no change     /pchem-data/meuwly/boittier/home/miniforge3/etc/fish/conf.d/conda.fish
no change     /pchem-data/meuwly/boittier/home/miniforge3/shell/condabin/Conda.psm1
no change     /pchem-data/meuwly/boittier/home/miniforge3/shell/condabin/conda-hook.ps1
no change     /pchem-data/meuwly/boittier/home/miniforge3/lib/python3.12/site-packages/xontrib/conda.xsh
no change     /pchem-data/meuwly/boittier/home/miniforge3/etc/profile.d/conda.csh
no change     /pchem-data/meuwly/boittier/home/.bashrc
No action taken.

/pchem-data/meuwly/boittier/home/miniforge3/envs/jaxe3xcuda11p39/bin/python
GPU ID: 0
NDCM 2
[cuda(id=0)]
args:
data_dir = /pchem-data/meuwly/boittier/home/jaxeq/
model_dir = model
num_epochs = 5000
learning_rate = 0.001
batch_size = 1
esp_w = 10000.0
num_epics = 1
n_feat = 16
n_basis = 16
max_degree = 0
n_mp = 2
restart = None
random_seed = 31011
n_dcm = 2
n_gpu = 0
data = qm9-esp40000-0.npz
n_train = 80000
n_valid = 2000
type = dipole
include_pseudotensors = False
[cuda(id=0)]
gpu
[cuda(id=0)]
['/pchem-data/meuwly/boittier/home/jaxeq/dcmnet', '/pchem-data/meuwly/boittier/home/miniforge3/envs/jaxe3xcuda11p39/lib/python39.zip', '/pchem-data/meuwly/boittier/home/miniforge3/envs/jaxe3xcuda11p39/lib/python3.9', '/pchem-data/meuwly/boittier/home/miniforge3/envs/jaxe3xcuda11p39/lib/python3.9/lib-dynload', '/pchem-data/meuwly/boittier/home/miniforge3/envs/jaxe3xcuda11p39/lib/python3.9/site-packages', '/pchem-data/meuwly/boittier/home/jaxeq']
R (40000, 60, 3)
Z (40000, 60)
N (40000,)
D (40000,)
com (40000, 3)
Dxyz (40000, 3)
mono (40000, 60, 1)
esp (40000, 3200)
id (40000,)
n_grid (40000,)
vdw_surface (40000, 3200, 3)
R (40000, 60, 3)
Z (40000, 60)
N (40000,)
D (40000,)
com (40000, 3)
Dxyz (40000, 3)
mono (40000, 60, 1)
esp (40000, 3200)
id (40000,)
n_grid (40000,)
vdw_surface (40000, 3200, 3)
R (40000, 60, 3)
Z (40000, 60)
N (40000,)
D (40000,)
com (40000, 3)
Dxyz (40000, 3)
mono (40000, 60, 1)
esp (40000, 3200)
id (40000,)
n_grid (40000,)
vdw_surface (40000, 3200, 3)
n_failed: 1425
78575 2000
creating_mask
118575
/pchem-data/meuwly/boittier/home/jaxeq/all_runs/test2/20240926-213805dcm-2-w-10000.0-re-False-ptFalse
epic 1
jax.errors.SimplifiedTraceback: For simplicity, JAX has removed its internal frames from the traceback of the following exception. Set JAX_TRACEBACK_FILTERING=off to include these.

The above exception was the direct cause of the following exception:

Traceback (most recent call last):
  File "/pchem-data/meuwly/boittier/home/jaxeq/dcmnet/main.py", line 141, in <module>
    params, val = training(
  File "/pchem-data/meuwly/boittier/home/jaxeq/dcmnet/training_dipole.py", line 209, in train_model_dipo
    params = model.init(
  File "/pchem-data/meuwly/boittier/home/jaxeq/dcmnet/modules.py", line 105, in __call__
    return self.mono(
  File "/pchem-data/meuwly/boittier/home/jaxeq/dcmnet/modules.py", line 61, in mono
    x = e3x.nn.TensorDense(
  File "/pchem-data/meuwly/boittier/home/miniforge3/envs/jaxe3xcuda11p39/lib/python3.9/site-packages/e3x/nn/modules.py", line 1197, in __call__
    return _create_tensor(
  File "/pchem-data/meuwly/boittier/home/miniforge3/envs/jaxe3xcuda11p39/lib/python3.9/site-packages/e3x/nn/modules.py", line 455, in __call__
    raise ValueError(
ValueError: max_degree for the tensor product of inputs with max_degree 0 and 0 can be at most 0, received max_degree=1
